0 info it worked if it ends with ok
1 verbose cli [ '/home/lastmj/.nvm/versions/node/v6.3.1/bin/node',
1 verbose cli   '/home/lastmj/.nvm/versions/node/v6.3.1/bin/npm',
1 verbose cli   'start' ]
2 info using npm@3.10.3
3 info using node@v6.3.1
4 verbose run-script [ 'prestart', 'start', 'poststart' ]
5 info lifecycle zwitterion-production@0.0.0~prestart: zwitterion-production@0.0.0
6 silly lifecycle zwitterion-production@0.0.0~prestart: no script for prestart, continuing
7 info lifecycle zwitterion-production@0.0.0~start: zwitterion-production@0.0.0
8 verbose lifecycle zwitterion-production@0.0.0~start: unsafe-perm in lifecycle true
9 verbose lifecycle zwitterion-production@0.0.0~start: PATH: /home/lastmj/.nvm/versions/node/v6.3.1/lib/node_modules/npm/bin/node-gyp-bin:/home/lastmj/development/zwitterion-production/node_modules/.bin:/home/lastmj/.nvm/versions/node/v6.3.1/bin:/home/lastmj/.nvm/versions/node/v6.3.1/bin:/usr/local/sbin:/usr/local/bin:/usr/sbin:/usr/bin:/sbin:/bin:/usr/games:/usr/local/games:/home/lastmj/development/android-dev/android-sdk-linux/tools:/home/lastmj/development/android-dev/android-sdk-linux/platform-tools
10 verbose lifecycle zwitterion-production@0.0.0~start: CWD: /home/lastmj/development/zwitterion-production
11 silly lifecycle zwitterion-production@0.0.0~start: Args: [ '-c', './main.js' ]
12 silly lifecycle zwitterion-production@0.0.0~start: Returned: code: 126  signal: null
13 info lifecycle zwitterion-production@0.0.0~start: Failed to exec start script
14 verbose stack Error: zwitterion-production@0.0.0 start: `./main.js`
14 verbose stack Exit status 126
14 verbose stack     at EventEmitter.<anonymous> (/home/lastmj/.nvm/versions/node/v6.3.1/lib/node_modules/npm/lib/utils/lifecycle.js:242:16)
14 verbose stack     at emitTwo (events.js:106:13)
14 verbose stack     at EventEmitter.emit (events.js:191:7)
14 verbose stack     at ChildProcess.<anonymous> (/home/lastmj/.nvm/versions/node/v6.3.1/lib/node_modules/npm/lib/utils/spawn.js:40:14)
14 verbose stack     at emitTwo (events.js:106:13)
14 verbose stack     at ChildProcess.emit (events.js:191:7)
14 verbose stack     at maybeClose (internal/child_process.js:852:16)
14 verbose stack     at Process.ChildProcess._handle.onexit (internal/child_process.js:215:5)
15 verbose pkgid zwitterion-production@0.0.0
16 verbose cwd /home/lastmj/development/zwitterion-production
17 error Linux 4.4.0-62-generic
18 error argv "/home/lastmj/.nvm/versions/node/v6.3.1/bin/node" "/home/lastmj/.nvm/versions/node/v6.3.1/bin/npm" "start"
19 error node v6.3.1
20 error npm  v3.10.3
21 error code ELIFECYCLE
22 error zwitterion-production@0.0.0 start: `./main.js`
22 error Exit status 126
23 error Failed at the zwitterion-production@0.0.0 start script './main.js'.
23 error Make sure you have the latest version of node.js and npm installed.
23 error If you do, this is most likely a problem with the zwitterion-production package,
23 error not with npm itself.
23 error Tell the author that this fails on your system:
23 error     ./main.js
23 error You can get information on how to open an issue for this project with:
23 error     npm bugs zwitterion-production
23 error Or if that isn't available, you can get their info via:
23 error     npm owner ls zwitterion-production
23 error There is likely additional logging output above.
24 verbose exit [ 1, true ]
